{"/Users/elinicholson/projects/eez-meet-me/eez-meet-me-fe/src/actions/pinActions.js": {"path":"/Users/elinicholson/projects/eez-meet-me/eez-meet-me-fe/src/actions/pinActions.js","statementMap":{"0":{"start":{"line":3,"column":24},"end":{"line":3,"column":34}},"1":{"start":{"line":4,"column":23},"end":{"line":7,"column":2}},"2":{"start":{"line":4,"column":30},"end":{"line":7,"column":1}}},"fnMap":{"0":{"name":"(anonymous_0)","decl":{"start":{"line":4,"column":23},"end":{"line":4,"column":24}},"loc":{"start":{"line":4,"column":30},"end":{"line":7,"column":1}},"line":4}},"branchMap":{},"s":{"0":2,"1":2,"2":2},"f":{"0":2},"b":{},"_coverageSchema":"43e27e138ebf9cfc5966b082cf9a028302ed4184","hash":"9e39c8dcf05ef717d8f3e57c5c43697c60a54e8a"}
,"/Users/elinicholson/projects/eez-meet-me/eez-meet-me-fe/src/components/App.js": {"path":"/Users/elinicholson/projects/eez-meet-me/eez-meet-me-fe/src/components/App.js","statementMap":{"0":{"start":{"line":5,"column":2},"end":{"line":5,"column":23}}},"fnMap":{"0":{"name":"App","decl":{"start":{"line":4,"column":24},"end":{"line":4,"column":27}},"loc":{"start":{"line":4,"column":30},"end":{"line":6,"column":1}},"line":4}},"branchMap":{},"s":{"0":1},"f":{"0":1},"b":{},"_coverageSchema":"43e27e138ebf9cfc5966b082cf9a028302ed4184","hash":"11d4d958a5d4a71095a8fa12642bda977b65064a"}
,"/Users/elinicholson/projects/eez-meet-me/eez-meet-me-fe/src/components/containers/GoogleMap.js": {"path":"/Users/elinicholson/projects/eez-meet-me/eez-meet-me-fe/src/components/containers/GoogleMap.js","statementMap":{"0":{"start":{"line":10,"column":21},"end":{"line":12,"column":3}},"1":{"start":{"line":15,"column":4},"end":{"line":16,"column":27}},"2":{"start":{"line":19,"column":10},"end":{"line":34,"column":3}},"3":{"start":{"line":36,"column":18},"end":{"line":42,"column":3}},"4":{"start":{"line":37,"column":4},"end":{"line":41,"column":7}},"5":{"start":{"line":44,"column":12},"end":{"line":51,"column":3}},"6":{"start":{"line":45,"column":4},"end":{"line":50,"column":5}},"7":{"start":{"line":46,"column":6},"end":{"line":49,"column":9}},"8":{"start":{"line":54,"column":64},"end":{"line":54,"column":74}},"9":{"start":{"line":56,"column":4},"end":{"line":70,"column":6}}},"fnMap":{"0":{"name":"(anonymous_0)","decl":{"start":{"line":14,"column":2},"end":{"line":14,"column":3}},"loc":{"start":{"line":14,"column":22},"end":{"line":17,"column":3}},"line":14},"1":{"name":"(anonymous_1)","decl":{"start":{"line":36,"column":18},"end":{"line":36,"column":19}},"loc":{"start":{"line":36,"column":40},"end":{"line":42,"column":3}},"line":36},"2":{"name":"(anonymous_2)","decl":{"start":{"line":44,"column":12},"end":{"line":44,"column":13}},"loc":{"start":{"line":44,"column":21},"end":{"line":51,"column":3}},"line":44},"3":{"name":"(anonymous_3)","decl":{"start":{"line":53,"column":2},"end":{"line":53,"column":3}},"loc":{"start":{"line":53,"column":11},"end":{"line":71,"column":3}},"line":53}},"branchMap":{"0":{"loc":{"start":{"line":45,"column":4},"end":{"line":50,"column":5}},"type":"if","locations":[{"start":{"line":45,"column":4},"end":{"line":50,"column":5}},{"start":{"line":45,"column":4},"end":{"line":50,"column":5}}],"line":45}},"s":{"0":1,"1":0,"2":0,"3":0,"4":0,"5":0,"6":0,"7":0,"8":0,"9":0},"f":{"0":0,"1":0,"2":0,"3":0},"b":{"0":[0,0]},"_coverageSchema":"43e27e138ebf9cfc5966b082cf9a028302ed4184","hash":"96317be0f89880adc47205fe549b95560308a92b"}
,"/Users/elinicholson/projects/eez-meet-me/eez-meet-me-fe/src/components/infoWindow/InfoWindow.js": {"path":"/Users/elinicholson/projects/eez-meet-me/eez-meet-me-fe/src/components/infoWindow/InfoWindow.js","statementMap":{"0":{"start":{"line":6,"column":2},"end":{"line":19,"column":4}},"1":{"start":{"line":22,"column":0},"end":{"line":27,"column":2}}},"fnMap":{"0":{"name":"InformationWindow","decl":{"start":{"line":5,"column":9},"end":{"line":5,"column":26}},"loc":{"start":{"line":5,"column":72},"end":{"line":20,"column":1}},"line":5}},"branchMap":{},"s":{"0":0,"1":1},"f":{"0":0},"b":{},"_coverageSchema":"43e27e138ebf9cfc5966b082cf9a028302ed4184","hash":"4527463bb4bc8f180c0c51aa07e26cdff4128405"}
,"/Users/elinicholson/projects/eez-meet-me/eez-meet-me-fe/src/components/marker/Markers.js": {"path":"/Users/elinicholson/projects/eez-meet-me/eez-meet-me-fe/src/components/marker/Markers.js","statementMap":{"0":{"start":{"line":6,"column":25},"end":{"line":15,"column":4}},"1":{"start":{"line":7,"column":4},"end":{"line":14,"column":6}},"2":{"start":{"line":17,"column":2},"end":{"line":21,"column":4}},"3":{"start":{"line":24,"column":0},"end":{"line":27,"column":2}}},"fnMap":{"0":{"name":"Markers","decl":{"start":{"line":5,"column":9},"end":{"line":5,"column":16}},"loc":{"start":{"line":5,"column":51},"end":{"line":22,"column":1}},"line":5},"1":{"name":"(anonymous_1)","decl":{"start":{"line":6,"column":39},"end":{"line":6,"column":40}},"loc":{"start":{"line":6,"column":56},"end":{"line":15,"column":3}},"line":6}},"branchMap":{},"s":{"0":0,"1":0,"2":0,"3":1},"f":{"0":0,"1":0},"b":{},"_coverageSchema":"43e27e138ebf9cfc5966b082cf9a028302ed4184","hash":"b809d24cca42acd59cc4567ddc50b39099ffc91e"}
,"/Users/elinicholson/projects/eez-meet-me/eez-meet-me-fe/src/reducers/pinReducers.js": {"path":"/Users/elinicholson/projects/eez-meet-me/eez-meet-me-fe/src/reducers/pinReducers.js","statementMap":{"0":{"start":{"line":3,"column":21},"end":{"line":5,"column":1}},"1":{"start":{"line":8,"column":2},"end":{"line":13,"column":3}},"2":{"start":{"line":10,"column":6},"end":{"line":10,"column":48}},"3":{"start":{"line":12,"column":6},"end":{"line":12,"column":19}}},"fnMap":{"0":{"name":"reducer","decl":{"start":{"line":7,"column":24},"end":{"line":7,"column":31}},"loc":{"start":{"line":7,"column":62},"end":{"line":14,"column":1}},"line":7}},"branchMap":{"0":{"loc":{"start":{"line":7,"column":32},"end":{"line":7,"column":52}},"type":"default-arg","locations":[{"start":{"line":7,"column":40},"end":{"line":7,"column":52}}],"line":7},"1":{"loc":{"start":{"line":8,"column":2},"end":{"line":13,"column":3}},"type":"switch","locations":[{"start":{"line":9,"column":4},"end":{"line":10,"column":48}},{"start":{"line":11,"column":4},"end":{"line":12,"column":19}}],"line":8}},"s":{"0":1,"1":1,"2":1,"3":0},"f":{"0":1},"b":{"0":[0],"1":[1,0]},"_coverageSchema":"43e27e138ebf9cfc5966b082cf9a028302ed4184","hash":"0c65ae06356dc62d93446a2633a86deb930b5782"}
,"/Users/elinicholson/projects/eez-meet-me/eez-meet-me-fe/src/selectors/pinSelectors.js": {"path":"/Users/elinicholson/projects/eez-meet-me/eez-meet-me-fe/src/selectors/pinSelectors.js","statementMap":{"0":{"start":{"line":1,"column":27},"end":{"line":1,"column":51}},"1":{"start":{"line":1,"column":36},"end":{"line":1,"column":51}}},"fnMap":{"0":{"name":"(anonymous_0)","decl":{"start":{"line":1,"column":27},"end":{"line":1,"column":28}},"loc":{"start":{"line":1,"column":36},"end":{"line":1,"column":51}},"line":1}},"branchMap":{},"s":{"0":1,"1":1},"f":{"0":1},"b":{},"_coverageSchema":"43e27e138ebf9cfc5966b082cf9a028302ed4184","hash":"e76fc861f9ac1c3ac9450ee341e3840477d1b318"}
,"/Users/elinicholson/projects/eez-meet-me/eez-meet-me-fe/src/services/pindropApi.js": {"path":"/Users/elinicholson/projects/eez-meet-me/eez-meet-me-fe/src/services/pindropApi.js","statementMap":{"0":{"start":{"line":1,"column":26},"end":{"line":15,"column":1}},"1":{"start":{"line":2,"column":2},"end":{"line":14,"column":7}},"2":{"start":{"line":3,"column":18},"end":{"line":3,"column":38}},"3":{"start":{"line":5,"column":6},"end":{"line":5,"column":43}},"4":{"start":{"line":5,"column":14},"end":{"line":5,"column":43}},"5":{"start":{"line":9,"column":6},"end":{"line":9,"column":18}},"6":{"start":{"line":12,"column":6},"end":{"line":12,"column":24}},"7":{"start":{"line":13,"column":6},"end":{"line":13,"column":18}}},"fnMap":{"0":{"name":"(anonymous_0)","decl":{"start":{"line":1,"column":26},"end":{"line":1,"column":27}},"loc":{"start":{"line":1,"column":32},"end":{"line":15,"column":1}},"line":1},"1":{"name":"(anonymous_1)","decl":{"start":{"line":3,"column":10},"end":{"line":3,"column":11}},"loc":{"start":{"line":3,"column":18},"end":{"line":3,"column":38}},"line":3},"2":{"name":"(anonymous_2)","decl":{"start":{"line":4,"column":10},"end":{"line":4,"column":11}},"loc":{"start":{"line":4,"column":26},"end":{"line":10,"column":5}},"line":4},"3":{"name":"(anonymous_3)","decl":{"start":{"line":11,"column":10},"end":{"line":11,"column":11}},"loc":{"start":{"line":11,"column":18},"end":{"line":14,"column":5}},"line":11}},"branchMap":{"0":{"loc":{"start":{"line":5,"column":6},"end":{"line":5,"column":43}},"type":"if","locations":[{"start":{"line":5,"column":6},"end":{"line":5,"column":43}},{"start":{"line":5,"column":6},"end":{"line":5,"column":43}}],"line":5}},"s":{"0":1,"1":0,"2":0,"3":0,"4":0,"5":0,"6":0,"7":0},"f":{"0":0,"1":0,"2":0,"3":0},"b":{"0":[0,0]},"_coverageSchema":"43e27e138ebf9cfc5966b082cf9a028302ed4184","hash":"8742832722fe3cb92d1fc769a9c02ca65553391f"}
}
