TN:
SF:/Users/elinicholson/projects/eez-meet-me/eez-meet-me-fe/src/actions/pinActions.js
FN:4,(anonymous_0)
FNF:1
FNH:1
FNDA:2,(anonymous_0)
DA:3,2
DA:4,2
LF:2
LH:2
BRF:0
BRH:0
end_of_record
TN:
SF:/Users/elinicholson/projects/eez-meet-me/eez-meet-me-fe/src/components/App.js
FN:4,App
FNF:1
FNH:1
FNDA:1,App
DA:5,1
LF:1
LH:1
BRF:0
BRH:0
end_of_record
TN:
SF:/Users/elinicholson/projects/eez-meet-me/eez-meet-me-fe/src/components/containers/GoogleMap.js
FN:14,(anonymous_0)
FN:36,(anonymous_1)
FN:44,(anonymous_2)
FN:53,(anonymous_3)
FNF:4
FNH:0
FNDA:0,(anonymous_0)
FNDA:0,(anonymous_1)
FNDA:0,(anonymous_2)
FNDA:0,(anonymous_3)
DA:10,1
DA:15,0
DA:19,0
DA:36,0
DA:37,0
DA:44,0
DA:45,0
DA:46,0
DA:54,0
DA:56,0
LF:10
LH:1
BRDA:45,0,0,0
BRDA:45,0,1,0
BRF:2
BRH:0
end_of_record
TN:
SF:/Users/elinicholson/projects/eez-meet-me/eez-meet-me-fe/src/components/infoWindow/InfoWindow.js
FN:5,InformationWindow
FNF:1
FNH:0
FNDA:0,InformationWindow
DA:6,0
DA:22,1
LF:2
LH:1
BRF:0
BRH:0
end_of_record
TN:
SF:/Users/elinicholson/projects/eez-meet-me/eez-meet-me-fe/src/components/marker/Markers.js
FN:5,Markers
FN:6,(anonymous_1)
FNF:2
FNH:0
FNDA:0,Markers
FNDA:0,(anonymous_1)
DA:6,0
DA:7,0
DA:17,0
DA:24,1
LF:4
LH:1
BRF:0
BRH:0
end_of_record
TN:
SF:/Users/elinicholson/projects/eez-meet-me/eez-meet-me-fe/src/reducers/pinReducers.js
FN:7,reducer
FNF:1
FNH:1
FNDA:1,reducer
DA:3,1
DA:8,1
DA:10,1
DA:12,0
LF:4
LH:3
BRDA:7,0,0,0
BRDA:8,1,0,1
BRDA:8,1,1,0
BRF:3
BRH:1
end_of_record
TN:
SF:/Users/elinicholson/projects/eez-meet-me/eez-meet-me-fe/src/selectors/pinSelectors.js
FN:1,(anonymous_0)
FNF:1
FNH:1
FNDA:1,(anonymous_0)
DA:1,1
LF:1
LH:1
BRF:0
BRH:0
end_of_record
TN:
SF:/Users/elinicholson/projects/eez-meet-me/eez-meet-me-fe/src/services/pindropApi.js
FN:1,(anonymous_0)
FN:3,(anonymous_1)
FN:4,(anonymous_2)
FN:11,(anonymous_3)
FNF:4
FNH:0
FNDA:0,(anonymous_0)
FNDA:0,(anonymous_1)
FNDA:0,(anonymous_2)
FNDA:0,(anonymous_3)
DA:1,1
DA:2,0
DA:3,0
DA:5,0
DA:9,0
DA:12,0
DA:13,0
LF:7
LH:1
BRDA:5,0,0,0
BRDA:5,0,1,0
BRF:2
BRH:0
end_of_record
